<?xml version="1.0" encoding="UTF-8"?>
<testsuites name="SD Banner" time="93" tests="1" failures="0" errors="0">
   <testsuite name="SD Banner" tests="1" failures="0" errors="0" time="93" timestamp="2018-07-10 12:14:16" hostname="L-15S7152$ - L-15S7152.jasperindia.local" id="Test Suites/SD Banner">
      <properties>
         <property name="deviceName" value=""/>
         <property name="devicePlatform" value=""/>
         <property name="logFolder" value="C:\\Users\\kartik.sehgal.in\\Katalon Studio\\SD\\Reports\\SD Banner\\20180710_121413"/>
         <property name="logFiles" value="C:\\Users\\kartik.sehgal.in\\Katalon Studio\\SD\\Reports\\SD Banner\\20180710_121413\\execution0.log"/>
         <property name="attachments" value="C:\\Users\\kartik.sehgal.in\\Katalon Studio\\SD\\Reports\\SD Banner\\20180710_121413\\Reports/Screenshot/Screenshot.png"/>
         <property name="hostName" value="L-15S7152$ - L-15S7152.jasperindia.local"/>
         <property name="os" value="Windows 7 64bit"/>
         <property name="katalonVersion" value="5.4.2.1"/>
         <property name="browser" value="Chrome 67.0.3396.99"/>
         <property name="hostAddress" value="10.20.86.21"/>
         <property name="sessionId" value="90c4738b0349fb7fbac89b5297fb17ae"/>
         <property name="seleniumVersion" value="3.7.1"/>
         <property name="proxyInformation" value="ProxyInformation{proxyOption=NO_PROXY, proxyServerType=HTTP, password=, proxyServerAddress=, proxyServerPort=0}"/>
         <property name="platform" value="Windows 7"/>
      </properties>
      <testcase name="Test Cases/SD Banner" classname="Test Cases/SD Banner" status="PASSED">
         <system-out><![CDATA[2018-07-10 12:14:16 - [TEST_CASE][PASSED] - Test Cases/SD Banner: Test Cases/SD Banner

2018-07-10 12:14:17 - [TEST_STEP][PASSED] - openBrowser: Browser is opened with url: ''

2018-07-10 12:14:20 - [MESSAGE][PASSED] - Browser is opened with url: ''

2018-07-10 12:14:20 - [TEST_STEP][PASSED] - navigateToUrl: Navigate to 'https://www.snapdeal.com/' successfully

2018-07-10 12:14:24 - [MESSAGE][PASSED] - Navigate to 'https://www.snapdeal.com/' successfully

2018-07-10 12:14:24 - [TEST_STEP][PASSED] - waitForPageLoad: Wait for page load successfully

2018-07-10 12:14:24 - [MESSAGE][PASSED] - Wait for page load successfully

2018-07-10 12:14:24 - [TEST_STEP][PASSED] - takeScreenshot: Taking screenshot successfully

2018-07-10 12:14:25 - [MESSAGE][PASSED] - Taking screenshot successfully
[[ATTACHMENT|C:\\Users\\kartik.sehgal.in\\Katalon Studio\\SD\\Reports\\SD Banner\\20180710_121413\\Reports/Screenshot/Screenshot.png]]

2018-07-10 12:14:25 - [TEST_STEP][PASSED] - click: Object: 'Object Repository/div category elements/Page_Online Shopping Site in India/div_Electronics Store' is clicked on

2018-07-10 12:14:25 - [MESSAGE][PASSED] - Object: 'Object Repository/div category elements/Page_Online Shopping Site in India/div_Electronics Store' is clicked on

2018-07-10 12:14:25 - [TEST_STEP][PASSED] - waitForElementPresent: Object 'Object Repository/SD Banner/Page_Online Shopping Site in India/div_white-overlay' is present

2018-07-10 12:14:25 - [MESSAGE][PASSED] - Object 'Object Repository/SD Banner/Page_Online Shopping Site in India/div_white-overlay' is present

2018-07-10 12:14:25 - [TEST_STEP][PASSED] - waitForElementClickable: Object 'Object Repository/SD Banner/Page_Online Shopping Site in India/div_white-overlay' is clickable

2018-07-10 12:14:25 - [MESSAGE][PASSED] - Object 'Object Repository/SD Banner/Page_Online Shopping Site in India/div_white-overlay' is clickable

2018-07-10 12:14:25 - [TEST_STEP][PASSED] - waitForElementVisible: Object 'Object Repository/SD Banner/Page_Online Shopping Site in India/div_white-overlay' is not visible after 10 second(s)

2018-07-10 12:14:36 - [MESSAGE][WARNING] - Object 'Object Repository/SD Banner/Page_Online Shopping Site in India/div_white-overlay' is not visible after 10 second(s)

2018-07-10 12:14:36 - [TEST_STEP][PASSED] - click: Object: 'Object Repository/SD Banner/Page_Online Shopping Site in India/div_white-overlay' is clicked on

2018-07-10 12:14:39 - [MESSAGE][PASSED] - Object: 'Object Repository/SD Banner/Page_Online Shopping Site in India/div_white-overlay' is clicked on

2018-07-10 12:14:39 - [TEST_STEP][PASSED] - back: Navigate back successfully

2018-07-10 12:14:40 - [MESSAGE][PASSED] - Navigate back successfully

2018-07-10 12:14:40 - [TEST_STEP][PASSED] - waitForPageLoad: Wait for page load successfully

2018-07-10 12:14:40 - [MESSAGE][PASSED] - Wait for page load successfully

2018-07-10 12:14:40 - [TEST_STEP][PASSED] - click: Object: 'Object Repository/div category elements/Page_Online Shopping Site in India/div_Womens Fashion' is clicked on

2018-07-10 12:14:41 - [MESSAGE][PASSED] - Object: 'Object Repository/div category elements/Page_Online Shopping Site in India/div_Womens Fashion' is clicked on

2018-07-10 12:14:41 - [TEST_STEP][PASSED] - waitForElementPresent: Object 'Object Repository/SD Banner/Page_Online Shopping Site in India/div_white-overlay' is present

2018-07-10 12:14:41 - [MESSAGE][PASSED] - Object 'Object Repository/SD Banner/Page_Online Shopping Site in India/div_white-overlay' is present

2018-07-10 12:14:41 - [TEST_STEP][PASSED] - waitForElementClickable: Object 'Object Repository/SD Banner/Page_Online Shopping Site in India/div_white-overlay' is clickable

2018-07-10 12:14:42 - [MESSAGE][PASSED] - Object 'Object Repository/SD Banner/Page_Online Shopping Site in India/div_white-overlay' is clickable

2018-07-10 12:14:42 - [TEST_STEP][PASSED] - waitForElementVisible: Object 'Object Repository/SD Banner/Page_Online Shopping Site in India/div_white-overlay' is not visible after 10 second(s)

2018-07-10 12:14:52 - [MESSAGE][WARNING] - Object 'Object Repository/SD Banner/Page_Online Shopping Site in India/div_white-overlay' is not visible after 10 second(s)

2018-07-10 12:14:52 - [TEST_STEP][PASSED] - click: Object: 'Object Repository/SD Banner/Page_Online Shopping Site in India/div_white-overlay' is clicked on

2018-07-10 12:14:54 - [MESSAGE][PASSED] - Object: 'Object Repository/SD Banner/Page_Online Shopping Site in India/div_white-overlay' is clicked on

2018-07-10 12:14:54 - [TEST_STEP][PASSED] - back: Navigate back successfully

2018-07-10 12:14:58 - [MESSAGE][PASSED] - Navigate back successfully

2018-07-10 12:14:58 - [TEST_STEP][PASSED] - waitForPageLoad: Wait for page load successfully

2018-07-10 12:14:58 - [MESSAGE][PASSED] - Wait for page load successfully

2018-07-10 12:14:58 - [TEST_STEP][PASSED] - click: Object: 'Object Repository/div category elements/Page_Online Shopping Site in India/div_Grooming Essentials' is clicked on

2018-07-10 12:14:58 - [MESSAGE][PASSED] - Object: 'Object Repository/div category elements/Page_Online Shopping Site in India/div_Grooming Essentials' is clicked on

2018-07-10 12:14:58 - [TEST_STEP][PASSED] - waitForElementPresent: Object 'Object Repository/SD Banner/Page_Online Shopping Site in India/div_white-overlay' is present

2018-07-10 12:14:58 - [MESSAGE][PASSED] - Object 'Object Repository/SD Banner/Page_Online Shopping Site in India/div_white-overlay' is present

2018-07-10 12:14:58 - [TEST_STEP][PASSED] - waitForElementClickable: Object 'Object Repository/SD Banner/Page_Online Shopping Site in India/div_white-overlay' is clickable

2018-07-10 12:14:58 - [MESSAGE][PASSED] - Object 'Object Repository/SD Banner/Page_Online Shopping Site in India/div_white-overlay' is clickable

2018-07-10 12:14:58 - [TEST_STEP][PASSED] - waitForElementVisible: Object 'Object Repository/SD Banner/Page_Online Shopping Site in India/div_white-overlay' is not visible after 10 second(s)

2018-07-10 12:15:08 - [MESSAGE][WARNING] - Object 'Object Repository/SD Banner/Page_Online Shopping Site in India/div_white-overlay' is not visible after 10 second(s)

2018-07-10 12:15:08 - [TEST_STEP][PASSED] - click: Object: 'Object Repository/SD Banner/Page_Online Shopping Site in India/div_white-overlay' is clicked on

2018-07-10 12:15:10 - [MESSAGE][PASSED] - Object: 'Object Repository/SD Banner/Page_Online Shopping Site in India/div_white-overlay' is clicked on

2018-07-10 12:15:10 - [TEST_STEP][PASSED] - back: Navigate back successfully

2018-07-10 12:15:12 - [MESSAGE][PASSED] - Navigate back successfully

2018-07-10 12:15:12 - [TEST_STEP][PASSED] - waitForPageLoad: Wait for page load successfully

2018-07-10 12:15:12 - [MESSAGE][PASSED] - Wait for page load successfully

2018-07-10 12:15:12 - [TEST_STEP][PASSED] - click: Object: 'Object Repository/div category elements/Page_Online Shopping Site in India/div_Pet Store' is clicked on

2018-07-10 12:15:12 - [MESSAGE][PASSED] - Object: 'Object Repository/div category elements/Page_Online Shopping Site in India/div_Pet Store' is clicked on

2018-07-10 12:15:12 - [TEST_STEP][PASSED] - waitForElementPresent: Object 'Object Repository/SD Banner/Page_Online Shopping Site in India/div_white-overlay' is present

2018-07-10 12:15:13 - [MESSAGE][PASSED] - Object 'Object Repository/SD Banner/Page_Online Shopping Site in India/div_white-overlay' is present

2018-07-10 12:15:13 - [TEST_STEP][PASSED] - waitForElementClickable: Object 'Object Repository/SD Banner/Page_Online Shopping Site in India/div_white-overlay' is clickable

2018-07-10 12:15:13 - [MESSAGE][PASSED] - Object 'Object Repository/SD Banner/Page_Online Shopping Site in India/div_white-overlay' is clickable

2018-07-10 12:15:13 - [TEST_STEP][PASSED] - waitForElementVisible: Object 'Object Repository/SD Banner/Page_Online Shopping Site in India/div_white-overlay' is not visible after 10 second(s)

2018-07-10 12:15:23 - [MESSAGE][WARNING] - Object 'Object Repository/SD Banner/Page_Online Shopping Site in India/div_white-overlay' is not visible after 10 second(s)

2018-07-10 12:15:23 - [TEST_STEP][PASSED] - click: Object: 'Object Repository/SD Banner/Page_Online Shopping Site in India/div_white-overlay' is clicked on

2018-07-10 12:15:25 - [MESSAGE][PASSED] - Object: 'Object Repository/SD Banner/Page_Online Shopping Site in India/div_white-overlay' is clicked on

2018-07-10 12:15:25 - [TEST_STEP][PASSED] - back: Navigate back successfully

2018-07-10 12:15:27 - [MESSAGE][PASSED] - Navigate back successfully

2018-07-10 12:15:27 - [TEST_STEP][PASSED] - waitForPageLoad: Wait for page load successfully

2018-07-10 12:15:27 - [MESSAGE][PASSED] - Wait for page load successfully

2018-07-10 12:15:27 - [TEST_STEP][PASSED] - click: Object: 'Object Repository/SD Banner/Page_Online Shopping Site in India/div_ICICI Lombard' is clicked on

2018-07-10 12:15:27 - [MESSAGE][PASSED] - Object: 'Object Repository/SD Banner/Page_Online Shopping Site in India/div_ICICI Lombard' is clicked on

2018-07-10 12:15:27 - [TEST_STEP][PASSED] - waitForElementPresent: Object 'Object Repository/SD Banner/Page_Online Shopping Site in India/div_white-overlay' is present

2018-07-10 12:15:27 - [MESSAGE][PASSED] - Object 'Object Repository/SD Banner/Page_Online Shopping Site in India/div_white-overlay' is present

2018-07-10 12:15:27 - [TEST_STEP][PASSED] - waitForElementClickable: Object 'Object Repository/SD Banner/Page_Online Shopping Site in India/div_white-overlay' is clickable

2018-07-10 12:15:28 - [MESSAGE][PASSED] - Object 'Object Repository/SD Banner/Page_Online Shopping Site in India/div_white-overlay' is clickable

2018-07-10 12:15:28 - [TEST_STEP][PASSED] - waitForElementVisible: Object 'Object Repository/SD Banner/Page_Online Shopping Site in India/div_white-overlay' is not visible after 10 second(s)

2018-07-10 12:15:38 - [MESSAGE][WARNING] - Object 'Object Repository/SD Banner/Page_Online Shopping Site in India/div_white-overlay' is not visible after 10 second(s)

2018-07-10 12:15:38 - [TEST_STEP][PASSED] - click: Object: 'Object Repository/SD Banner/Page_Online Shopping Site in India/div_white-overlay' is clicked on

2018-07-10 12:15:48 - [MESSAGE][PASSED] - Object: 'Object Repository/SD Banner/Page_Online Shopping Site in India/div_white-overlay' is clicked on

2018-07-10 12:15:48 - [TEST_STEP][PASSED] - closeBrowser: Browser is closed

2018-07-10 12:15:49 - [MESSAGE][PASSED] - Browser is closed]]></system-out>
         <system-err><![CDATA[]]></system-err>
      </testcase>
      <system-out><![CDATA[2018-07-10 12:14:16 - [TEST_SUITE][PASSED] - SD Banner: Test Cases/SD Banner]]></system-out>
      <system-err><![CDATA[]]></system-err>
   </testsuite>
</testsuites>
