<?xml version="1.0" encoding="UTF-8"?>
<testsuites name="SD Banner" time="22" tests="1" failures="0" errors="0">
   <testsuite name="SD Banner" tests="1" failures="0" errors="0" time="22" timestamp="2018-07-10 12:28:48" hostname="kartik.sehgal.in - L-15S7152.jasperindia.local" id="Test Suites/SD Banner">
      <properties>
         <property name="deviceName" value=""/>
         <property name="devicePlatform" value=""/>
         <property name="logFolder" value="C:\\Users\\kartik.sehgal.in\\Katalon Studio\\SD\\Reports\\SD Banner\\20180710_122846"/>
         <property name="logFiles" value="C:\\Users\\kartik.sehgal.in\\Katalon Studio\\SD\\Reports\\SD Banner\\20180710_122846\\execution0.log"/>
         <property name="attachments" value="C:\\Users\\kartik.sehgal.in\\Katalon Studio\\SD\\Reports\\SD Banner\\20180710_122846\\Reports/Screenshot/Screenshot.png"/>
         <property name="hostName" value="kartik.sehgal.in - L-15S7152.jasperindia.local"/>
         <property name="os" value="Windows 7 64bit"/>
         <property name="katalonVersion" value="5.4.2.1"/>
         <property name="browser" value="Chrome 67.0.3396.99"/>
         <property name="hostAddress" value="10.20.86.21"/>
         <property name="sessionId" value="e65c9b2c6f73284674e89168df186b10"/>
         <property name="seleniumVersion" value="3.7.1"/>
         <property name="proxyInformation" value="ProxyInformation{proxyOption=NO_PROXY, proxyServerType=HTTP, password=, proxyServerAddress=, proxyServerPort=0}"/>
         <property name="platform" value="Windows 7"/>
      </properties>
      <testcase name="Test Cases/SD Banner" classname="Test Cases/SD Banner" status="PASSED">
         <system-out><![CDATA[2018-07-10 12:28:49 - [TEST_CASE][PASSED] - Test Cases/SD Banner: Test Cases/SD Banner

2018-07-10 12:28:50 - [TEST_STEP][PASSED] - openBrowser: Browser is opened with url: ''

2018-07-10 12:28:54 - [MESSAGE][PASSED] - Browser is opened with url: ''

2018-07-10 12:28:54 - [TEST_STEP][PASSED] - navigateToUrl: Navigate to 'https://www.snapdeal.com/' successfully

2018-07-10 12:29:00 - [MESSAGE][PASSED] - Navigate to 'https://www.snapdeal.com/' successfully

2018-07-10 12:29:00 - [TEST_STEP][PASSED] - waitForPageLoad: Wait for page load successfully

2018-07-10 12:29:00 - [MESSAGE][PASSED] - Wait for page load successfully

2018-07-10 12:29:00 - [TEST_STEP][PASSED] - takeScreenshot: Taking screenshot successfully

2018-07-10 12:29:00 - [MESSAGE][PASSED] - Taking screenshot successfully
[[ATTACHMENT|C:\\Users\\kartik.sehgal.in\\Katalon Studio\\SD\\Reports\\SD Banner\\20180710_122846\\Reports/Screenshot/Screenshot.png]]

2018-07-10 12:29:00 - [TEST_STEP][PASSED] - click: Object: 'Object Repository/div category elements/Page_Online Shopping Site in India/div_Electronics Store' is clicked on

2018-07-10 12:29:01 - [MESSAGE][PASSED] - Object: 'Object Repository/div category elements/Page_Online Shopping Site in India/div_Electronics Store' is clicked on

2018-07-10 12:29:01 - [TEST_STEP][PASSED] - waitForElementPresent: Object 'Object Repository/SD Banner/Page_Online Shopping Site in India/div_white-overlay' is present

2018-07-10 12:29:01 - [MESSAGE][PASSED] - Object 'Object Repository/SD Banner/Page_Online Shopping Site in India/div_white-overlay' is present

2018-07-10 12:29:01 - [TEST_STEP][PASSED] - waitForElementClickable: Object 'Object Repository/SD Banner/Page_Online Shopping Site in India/div_white-overlay' is clickable

2018-07-10 12:29:01 - [MESSAGE][PASSED] - Object 'Object Repository/SD Banner/Page_Online Shopping Site in India/div_white-overlay' is clickable

2018-07-10 12:29:01 - [TEST_STEP][PASSED] - waitForElementVisible: Object 'Object Repository/SD Banner/Page_Online Shopping Site in India/div_white-overlay' is visible

2018-07-10 12:29:06 - [MESSAGE][PASSED] - Object 'Object Repository/SD Banner/Page_Online Shopping Site in India/div_white-overlay' is visible

2018-07-10 12:29:06 - [TEST_STEP][PASSED] - click: Object: 'Object Repository/SD Banner/Page_Online Shopping Site in India/div_white-overlay' is clicked on

2018-07-10 12:29:10 - [MESSAGE][PASSED] - Object: 'Object Repository/SD Banner/Page_Online Shopping Site in India/div_white-overlay' is clicked on

2018-07-10 12:29:10 - [TEST_STEP][NOT_RUN] - back: NOT_RUN: back

2018-07-10 12:29:10 - [MESSAGE][NOT_RUN] - NOT_RUN: back

2018-07-10 12:29:10 - [TEST_STEP][NOT_RUN] - waitForPageLoad: NOT_RUN: waitForPageLoad

2018-07-10 12:29:10 - [MESSAGE][NOT_RUN] - NOT_RUN: waitForPageLoad

2018-07-10 12:29:10 - [TEST_STEP][NOT_RUN] - click: NOT_RUN: click

2018-07-10 12:29:10 - [MESSAGE][NOT_RUN] - NOT_RUN: click

2018-07-10 12:29:10 - [TEST_STEP][NOT_RUN] - waitForElementPresent: NOT_RUN: waitForElementPresent

2018-07-10 12:29:10 - [MESSAGE][NOT_RUN] - NOT_RUN: waitForElementPresent

2018-07-10 12:29:10 - [TEST_STEP][NOT_RUN] - waitForElementClickable: NOT_RUN: waitForElementClickable

2018-07-10 12:29:10 - [MESSAGE][NOT_RUN] - NOT_RUN: waitForElementClickable

2018-07-10 12:29:10 - [TEST_STEP][NOT_RUN] - waitForElementVisible: NOT_RUN: waitForElementVisible

2018-07-10 12:29:10 - [MESSAGE][NOT_RUN] - NOT_RUN: waitForElementVisible

2018-07-10 12:29:10 - [TEST_STEP][NOT_RUN] - click: NOT_RUN: click

2018-07-10 12:29:10 - [MESSAGE][NOT_RUN] - NOT_RUN: click

2018-07-10 12:29:10 - [TEST_STEP][NOT_RUN] - back: NOT_RUN: back

2018-07-10 12:29:10 - [MESSAGE][NOT_RUN] - NOT_RUN: back

2018-07-10 12:29:10 - [TEST_STEP][NOT_RUN] - waitForPageLoad: NOT_RUN: waitForPageLoad

2018-07-10 12:29:10 - [MESSAGE][NOT_RUN] - NOT_RUN: waitForPageLoad

2018-07-10 12:29:10 - [TEST_STEP][NOT_RUN] - click: NOT_RUN: click

2018-07-10 12:29:10 - [MESSAGE][NOT_RUN] - NOT_RUN: click

2018-07-10 12:29:10 - [TEST_STEP][NOT_RUN] - waitForElementPresent: NOT_RUN: waitForElementPresent

2018-07-10 12:29:10 - [MESSAGE][NOT_RUN] - NOT_RUN: waitForElementPresent

2018-07-10 12:29:10 - [TEST_STEP][NOT_RUN] - waitForElementClickable: NOT_RUN: waitForElementClickable

2018-07-10 12:29:10 - [MESSAGE][NOT_RUN] - NOT_RUN: waitForElementClickable

2018-07-10 12:29:10 - [TEST_STEP][NOT_RUN] - waitForElementVisible: NOT_RUN: waitForElementVisible

2018-07-10 12:29:10 - [MESSAGE][NOT_RUN] - NOT_RUN: waitForElementVisible

2018-07-10 12:29:10 - [TEST_STEP][NOT_RUN] - click: NOT_RUN: click

2018-07-10 12:29:10 - [MESSAGE][NOT_RUN] - NOT_RUN: click

2018-07-10 12:29:10 - [TEST_STEP][NOT_RUN] - back: NOT_RUN: back

2018-07-10 12:29:10 - [MESSAGE][NOT_RUN] - NOT_RUN: back

2018-07-10 12:29:10 - [TEST_STEP][NOT_RUN] - waitForPageLoad: NOT_RUN: waitForPageLoad

2018-07-10 12:29:10 - [MESSAGE][NOT_RUN] - NOT_RUN: waitForPageLoad

2018-07-10 12:29:10 - [TEST_STEP][NOT_RUN] - click: NOT_RUN: click

2018-07-10 12:29:10 - [MESSAGE][NOT_RUN] - NOT_RUN: click

2018-07-10 12:29:10 - [TEST_STEP][NOT_RUN] - waitForElementPresent: NOT_RUN: waitForElementPresent

2018-07-10 12:29:10 - [MESSAGE][NOT_RUN] - NOT_RUN: waitForElementPresent

2018-07-10 12:29:10 - [TEST_STEP][NOT_RUN] - waitForElementClickable: NOT_RUN: waitForElementClickable

2018-07-10 12:29:10 - [MESSAGE][NOT_RUN] - NOT_RUN: waitForElementClickable

2018-07-10 12:29:10 - [TEST_STEP][NOT_RUN] - waitForElementVisible: NOT_RUN: waitForElementVisible

2018-07-10 12:29:10 - [MESSAGE][NOT_RUN] - NOT_RUN: waitForElementVisible

2018-07-10 12:29:10 - [TEST_STEP][NOT_RUN] - click: NOT_RUN: click

2018-07-10 12:29:10 - [MESSAGE][NOT_RUN] - NOT_RUN: click

2018-07-10 12:29:10 - [TEST_STEP][NOT_RUN] - back: NOT_RUN: back

2018-07-10 12:29:10 - [MESSAGE][NOT_RUN] - NOT_RUN: back

2018-07-10 12:29:10 - [TEST_STEP][NOT_RUN] - waitForPageLoad: NOT_RUN: waitForPageLoad

2018-07-10 12:29:10 - [MESSAGE][NOT_RUN] - NOT_RUN: waitForPageLoad

2018-07-10 12:29:10 - [TEST_STEP][NOT_RUN] - click: NOT_RUN: click

2018-07-10 12:29:10 - [MESSAGE][NOT_RUN] - NOT_RUN: click

2018-07-10 12:29:10 - [TEST_STEP][NOT_RUN] - waitForElementPresent: NOT_RUN: waitForElementPresent

2018-07-10 12:29:10 - [MESSAGE][NOT_RUN] - NOT_RUN: waitForElementPresent

2018-07-10 12:29:10 - [TEST_STEP][NOT_RUN] - waitForElementClickable: NOT_RUN: waitForElementClickable

2018-07-10 12:29:10 - [MESSAGE][NOT_RUN] - NOT_RUN: waitForElementClickable

2018-07-10 12:29:10 - [TEST_STEP][NOT_RUN] - waitForElementVisible: NOT_RUN: waitForElementVisible

2018-07-10 12:29:10 - [MESSAGE][NOT_RUN] - NOT_RUN: waitForElementVisible

2018-07-10 12:29:10 - [TEST_STEP][NOT_RUN] - click: NOT_RUN: click

2018-07-10 12:29:10 - [MESSAGE][NOT_RUN] - NOT_RUN: click

2018-07-10 12:29:10 - [TEST_STEP][PASSED] - closeBrowser: Browser is closed

2018-07-10 12:29:11 - [MESSAGE][PASSED] - Browser is closed]]></system-out>
         <system-err><![CDATA[]]></system-err>
      </testcase>
      <system-out><![CDATA[2018-07-10 12:28:48 - [TEST_SUITE][PASSED] - SD Banner: Test Cases/SD Banner]]></system-out>
      <system-err><![CDATA[]]></system-err>
   </testsuite>
</testsuites>
