<?xml version="1.0" encoding="UTF-8"?>
<testsuites name="Snapdeal Web Page" time="13" tests="1" failures="0" errors="0">
   <testsuite name="Snapdeal Web Page" tests="1" failures="0" errors="0" time="13" timestamp="2018-07-09 11:34:02" hostname="kartik.sehgal.in - L-15S7152.jasperindia.local" id="Test Suites/Snapdeal Web Page">
      <properties>
         <property name="deviceName" value=""/>
         <property name="devicePlatform" value=""/>
         <property name="logFolder" value="C:\\Users\\kartik.sehgal.in\\Katalon Studio\\Practice Test\\Reports\\Snapdeal Web Page\\20180709_113400"/>
         <property name="logFiles" value="C:\\Users\\kartik.sehgal.in\\Katalon Studio\\Practice Test\\Reports\\Snapdeal Web Page\\20180709_113400\\execution0.log"/>
         <property name="attachments" value=""/>
         <property name="hostName" value="kartik.sehgal.in - L-15S7152.jasperindia.local"/>
         <property name="os" value="Windows 7 64bit"/>
         <property name="katalonVersion" value="5.4.2.1"/>
         <property name="browser" value="Firefox 62.0"/>
         <property name="hostAddress" value="10.20.86.19"/>
         <property name="sessionId" value="21b25973-b480-4c6b-90a1-243a4311e922"/>
         <property name="seleniumVersion" value="3.7.1"/>
         <property name="proxyInformation" value="ProxyInformation{proxyOption=NO_PROXY, proxyServerType=HTTP, password=, proxyServerAddress=, proxyServerPort=0}"/>
         <property name="platform" value="Windows 7"/>
      </properties>
      <testcase name="Test Cases/Snapdeal Web Page" classname="Test Cases/Snapdeal Web Page" status="PASSED">
         <system-out><![CDATA[2018-07-09 11:34:03 - [TEST_CASE][PASSED] - Test Cases/Snapdeal Web Page: Test Cases/Snapdeal Web Page

2018-07-09 11:34:03 - [TEST_STEP][PASSED] - openBrowser: Browser is opened with url: ''

2018-07-09 11:34:09 - [MESSAGE][PASSED] - Browser is opened with url: ''

2018-07-09 11:34:09 - [TEST_STEP][PASSED] - navigateToUrl: Navigate to 'https://www.snapdeal.com/' successfully

2018-07-09 11:34:12 - [MESSAGE][PASSED] - Navigate to 'https://www.snapdeal.com/' successfully

2018-07-09 11:34:12 - [TEST_STEP][PASSED] - waitForElementPresent: Object 'Object Repository/SD_Login_OR/Page_Online Shopping Site in India/Page_Online Shopping Site in India/div_Sign In' is present

2018-07-09 11:34:13 - [MESSAGE][PASSED] - Object 'Object Repository/SD_Login_OR/Page_Online Shopping Site in India/Page_Online Shopping Site in India/div_Sign In' is present

2018-07-09 11:34:13 - [TEST_STEP][PASSED] - verifyElementPresent: Object 'Object Repository/SD_Login_OR/Page_Online Shopping Site in India/Page_Online Shopping Site in India/div_Sign In' is present

2018-07-09 11:34:13 - [MESSAGE][WARNING] - Timeout '0' is invalid. Using default page load timeout: '30'

2018-07-09 11:34:14 - [MESSAGE][PASSED] - Object 'Object Repository/SD_Login_OR/Page_Online Shopping Site in India/Page_Online Shopping Site in India/div_Sign In' is present

2018-07-09 11:34:14 - [TEST_STEP][PASSED] - click: Object: 'Object Repository/SD_Login_OR/Page_Online Shopping Site in India/Page_Online Shopping Site in India/div_Sign In' is clicked on

2018-07-09 11:34:14 - [MESSAGE][PASSED] - Object: 'Object Repository/SD_Login_OR/Page_Online Shopping Site in India/Page_Online Shopping Site in India/div_Sign In' is clicked on

2018-07-09 11:34:14 - [TEST_STEP][PASSED] - waitForElementPresent: Object 'Object Repository/SD_Login_OR/Page_Online Shopping Site in India/a_login' is present

2018-07-09 11:34:14 - [MESSAGE][PASSED] - Object 'Object Repository/SD_Login_OR/Page_Online Shopping Site in India/a_login' is present

2018-07-09 11:34:14 - [TEST_STEP][PASSED] - verifyElementPresent: Object 'Object Repository/SD_Login_OR/Page_Online Shopping Site in India/a_login' is present

2018-07-09 11:34:14 - [MESSAGE][WARNING] - Timeout '0' is invalid. Using default page load timeout: '30'

2018-07-09 11:34:14 - [MESSAGE][PASSED] - Object 'Object Repository/SD_Login_OR/Page_Online Shopping Site in India/a_login' is present

2018-07-09 11:34:14 - [TEST_STEP][PASSED] - click: Object: 'Object Repository/SD_Login_OR/Page_Online Shopping Site in India/a_login' is clicked on

2018-07-09 11:34:15 - [MESSAGE][PASSED] - Object: 'Object Repository/SD_Login_OR/Page_Online Shopping Site in India/a_login' is clicked on

2018-07-09 11:34:15 - [TEST_STEP][PASSED] - setText: Text '9958571972' is set on object 'Object Repository/SD_Login_OR/Page_Online Shopping Site in India/Page_Online Shopping Site in India/Page_Online Shopping Site in India/input_username'

2018-07-09 11:34:15 - [MESSAGE][PASSED] - Text '9958571972' is set on object 'Object Repository/SD_Login_OR/Page_Online Shopping Site in India/Page_Online Shopping Site in India/Page_Online Shopping Site in India/input_username'

2018-07-09 11:34:15 - [TEST_STEP][PASSED] - click: Object: 'Object Repository/SD_Login_OR/Page_Online Shopping Site in India/button_continue' is clicked on

2018-07-09 11:34:15 - [MESSAGE][PASSED] - Object: 'Object Repository/SD_Login_OR/Page_Online Shopping Site in India/button_continue' is clicked on

2018-07-09 11:34:15 - [TEST_STEP][PASSED] - click: Object: 'Object Repository/New Folder/Page_Online Shopping Site in India/button_Login Without Password' is clicked on

2018-07-09 11:34:16 - [MESSAGE][PASSED] - Object: 'Object Repository/New Folder/Page_Online Shopping Site in India/button_Login Without Password' is clicked on

2018-07-09 11:34:16 - [TEST_STEP][NOT_RUN] - closeBrowser: NOT_RUN: closeBrowser

2018-07-09 11:34:16 - [MESSAGE][NOT_RUN] - NOT_RUN: closeBrowser]]></system-out>
         <system-err><![CDATA[]]></system-err>
      </testcase>
      <system-out><![CDATA[2018-07-09 11:34:02 - [TEST_SUITE][PASSED] - Snapdeal Web Page: Test Cases/Snapdeal Web Page]]></system-out>
      <system-err><![CDATA[]]></system-err>
   </testsuite>
</testsuites>
