<?xml version="1.0" encoding="UTF-8"?>
<testsuites name="Snapdeal Web Page" time="25" tests="2" failures="0" errors="0">
   <testsuite name="Snapdeal Web Page" tests="2" failures="0" errors="0" time="25" timestamp="2018-07-09 17:40:15" hostname="kartik.sehgal.in - L-15S7152.jasperindia.local" id="Test Suites/Snapdeal Web Page">
      <properties>
         <property name="deviceName" value=""/>
         <property name="devicePlatform" value=""/>
         <property name="logFolder" value="C:\\Users\\kartik.sehgal.in\\Katalon Studio\\SD\\Reports\\Snapdeal Web Page\\20180709_174013"/>
         <property name="logFiles" value="C:\\Users\\kartik.sehgal.in\\Katalon Studio\\SD\\Reports\\Snapdeal Web Page\\20180709_174013\\execution0.log"/>
         <property name="attachments" value=""/>
         <property name="hostName" value="kartik.sehgal.in - L-15S7152.jasperindia.local"/>
         <property name="os" value="Windows 7 64bit"/>
         <property name="katalonVersion" value="5.4.2.1"/>
         <property name="browser" value="Firefox 62.0"/>
         <property name="hostAddress" value="10.20.86.19"/>
         <property name="sessionId" value="bb80b995-51a5-4cac-9879-855cf5a9a778"/>
         <property name="seleniumVersion" value="3.7.1"/>
         <property name="proxyInformation" value="ProxyInformation{proxyOption=NO_PROXY, proxyServerType=HTTP, password=, proxyServerAddress=, proxyServerPort=0}"/>
         <property name="platform" value="Windows 7"/>
      </properties>
      <testcase name="Test Cases/Snapdeal Web Page" classname="Test Cases/Snapdeal Web Page" status="PASSED">
         <system-out><![CDATA[2018-07-09 17:40:15 - [TEST_CASE][PASSED] - Test Cases/Snapdeal Web Page: Test Cases/Snapdeal Web Page

2018-07-09 17:40:16 - [TEST_STEP][PASSED] - openBrowser: Browser is opened with url: ''

2018-07-09 17:40:21 - [MESSAGE][PASSED] - Browser is opened with url: ''

2018-07-09 17:40:21 - [TEST_STEP][PASSED] - navigateToUrl: Navigate to 'https://www.snapdeal.com/' successfully

2018-07-09 17:40:24 - [MESSAGE][PASSED] - Navigate to 'https://www.snapdeal.com/' successfully

2018-07-09 17:40:24 - [TEST_STEP][PASSED] - waitForElementPresent: Object 'Object Repository/SD_Login_OR/Page_Online Shopping Site in India/Page_Online Shopping Site in India/div_Sign In' is present

2018-07-09 17:40:24 - [MESSAGE][PASSED] - Object 'Object Repository/SD_Login_OR/Page_Online Shopping Site in India/Page_Online Shopping Site in India/div_Sign In' is present

2018-07-09 17:40:24 - [TEST_STEP][PASSED] - verifyElementPresent: Object 'Object Repository/SD_Login_OR/Page_Online Shopping Site in India/Page_Online Shopping Site in India/div_Sign In' is present

2018-07-09 17:40:24 - [MESSAGE][WARNING] - Timeout '0' is invalid. Using default page load timeout: '30'

2018-07-09 17:40:25 - [MESSAGE][PASSED] - Object 'Object Repository/SD_Login_OR/Page_Online Shopping Site in India/Page_Online Shopping Site in India/div_Sign In' is present

2018-07-09 17:40:25 - [TEST_STEP][PASSED] - click: Object: 'Object Repository/SD_Login_OR/Page_Online Shopping Site in India/Page_Online Shopping Site in India/div_Sign In' is clicked on

2018-07-09 17:40:26 - [MESSAGE][PASSED] - Object: 'Object Repository/SD_Login_OR/Page_Online Shopping Site in India/Page_Online Shopping Site in India/div_Sign In' is clicked on

2018-07-09 17:40:26 - [TEST_STEP][PASSED] - waitForElementPresent: Object 'Object Repository/SD_Login_OR/Page_Online Shopping Site in India (1)/span_login' is present

2018-07-09 17:40:26 - [MESSAGE][PASSED] - Object 'Object Repository/SD_Login_OR/Page_Online Shopping Site in India (1)/span_login' is present

2018-07-09 17:40:26 - [TEST_STEP][PASSED] - verifyElementPresent: Object 'Object Repository/SD_Login_OR/Page_Online Shopping Site in India (1)/span_login' is present

2018-07-09 17:40:26 - [MESSAGE][WARNING] - Timeout '0' is invalid. Using default page load timeout: '30'

2018-07-09 17:40:26 - [MESSAGE][PASSED] - Object 'Object Repository/SD_Login_OR/Page_Online Shopping Site in India (1)/span_login' is present

2018-07-09 17:40:26 - [TEST_STEP][PASSED] - click: Object: 'Object Repository/SD_Login_OR/Page_Online Shopping Site in India (1)/span_login' is clicked on

2018-07-09 17:40:27 - [MESSAGE][PASSED] - Object: 'Object Repository/SD_Login_OR/Page_Online Shopping Site in India (1)/span_login' is clicked on

2018-07-09 17:40:27 - [TEST_STEP][PASSED] - waitForElementPresent: Object 'Object Repository/SD_Login_OR/Page_Online Shopping Site in India (1)/input_username' is present

2018-07-09 17:40:27 - [MESSAGE][PASSED] - Object 'Object Repository/SD_Login_OR/Page_Online Shopping Site in India (1)/input_username' is present

2018-07-09 17:40:27 - [TEST_STEP][PASSED] - setText: Text '9654421103' is set on object 'Object Repository/SD_Login_OR/Page_Online Shopping Site in India/Page_Online Shopping Site in India/Page_Online Shopping Site in India/input_username'

2018-07-09 17:40:27 - [MESSAGE][PASSED] - Text '9654421103' is set on object 'Object Repository/SD_Login_OR/Page_Online Shopping Site in India/Page_Online Shopping Site in India/Page_Online Shopping Site in India/input_username'

2018-07-09 17:40:27 - [TEST_STEP][PASSED] - click: Object: 'Object Repository/SD_Login_OR/Page_Online Shopping Site in India/button_continue' is clicked on

2018-07-09 17:40:28 - [MESSAGE][PASSED] - Object: 'Object Repository/SD_Login_OR/Page_Online Shopping Site in India/button_continue' is clicked on

2018-07-09 17:40:28 - [TEST_STEP][PASSED] - click: Object: 'Object Repository/New Folder/Page_Online Shopping Site in India/button_Login Without Password' is clicked on

2018-07-09 17:40:28 - [MESSAGE][PASSED] - Object: 'Object Repository/New Folder/Page_Online Shopping Site in India/button_Login Without Password' is clicked on

2018-07-09 17:40:28 - [TEST_STEP][NOT_RUN] - closeBrowser: NOT_RUN: closeBrowser

2018-07-09 17:40:28 - [MESSAGE][NOT_RUN] - NOT_RUN: closeBrowser]]></system-out>
         <system-err><![CDATA[]]></system-err>
      </testcase>
      <testcase name="Test Cases/Snapdeal Web Page" classname="Test Cases/Snapdeal Web Page" status="PASSED">
         <system-out><![CDATA[2018-07-09 17:40:28 - [TEST_CASE][PASSED] - Test Cases/Snapdeal Web Page: Test Cases/Snapdeal Web Page

2018-07-09 17:40:28 - [TEST_STEP][PASSED] - openBrowser: Browser is opened with url: ''

2018-07-09 17:40:28 - [MESSAGE][WARNING] - A browser is already opened. Closing browser and opening a new one

2018-07-09 17:40:33 - [MESSAGE][PASSED] - Browser is opened with url: ''

2018-07-09 17:40:33 - [TEST_STEP][PASSED] - navigateToUrl: Navigate to 'https://www.snapdeal.com/' successfully

2018-07-09 17:40:36 - [MESSAGE][PASSED] - Navigate to 'https://www.snapdeal.com/' successfully

2018-07-09 17:40:36 - [TEST_STEP][PASSED] - waitForElementPresent: Object 'Object Repository/SD_Login_OR/Page_Online Shopping Site in India/Page_Online Shopping Site in India/div_Sign In' is present

2018-07-09 17:40:36 - [MESSAGE][PASSED] - Object 'Object Repository/SD_Login_OR/Page_Online Shopping Site in India/Page_Online Shopping Site in India/div_Sign In' is present

2018-07-09 17:40:36 - [TEST_STEP][PASSED] - verifyElementPresent: Object 'Object Repository/SD_Login_OR/Page_Online Shopping Site in India/Page_Online Shopping Site in India/div_Sign In' is present

2018-07-09 17:40:36 - [MESSAGE][WARNING] - Timeout '0' is invalid. Using default page load timeout: '30'

2018-07-09 17:40:37 - [MESSAGE][PASSED] - Object 'Object Repository/SD_Login_OR/Page_Online Shopping Site in India/Page_Online Shopping Site in India/div_Sign In' is present

2018-07-09 17:40:37 - [TEST_STEP][PASSED] - click: Object: 'Object Repository/SD_Login_OR/Page_Online Shopping Site in India/Page_Online Shopping Site in India/div_Sign In' is clicked on

2018-07-09 17:40:38 - [MESSAGE][PASSED] - Object: 'Object Repository/SD_Login_OR/Page_Online Shopping Site in India/Page_Online Shopping Site in India/div_Sign In' is clicked on

2018-07-09 17:40:38 - [TEST_STEP][PASSED] - waitForElementPresent: Object 'Object Repository/SD_Login_OR/Page_Online Shopping Site in India (1)/span_login' is present

2018-07-09 17:40:38 - [MESSAGE][PASSED] - Object 'Object Repository/SD_Login_OR/Page_Online Shopping Site in India (1)/span_login' is present

2018-07-09 17:40:38 - [TEST_STEP][PASSED] - verifyElementPresent: Object 'Object Repository/SD_Login_OR/Page_Online Shopping Site in India (1)/span_login' is present

2018-07-09 17:40:38 - [MESSAGE][WARNING] - Timeout '0' is invalid. Using default page load timeout: '30'

2018-07-09 17:40:38 - [MESSAGE][PASSED] - Object 'Object Repository/SD_Login_OR/Page_Online Shopping Site in India (1)/span_login' is present

2018-07-09 17:40:38 - [TEST_STEP][PASSED] - click: Object: 'Object Repository/SD_Login_OR/Page_Online Shopping Site in India (1)/span_login' is clicked on

2018-07-09 17:40:39 - [MESSAGE][PASSED] - Object: 'Object Repository/SD_Login_OR/Page_Online Shopping Site in India (1)/span_login' is clicked on

2018-07-09 17:40:39 - [TEST_STEP][PASSED] - waitForElementPresent: Object 'Object Repository/SD_Login_OR/Page_Online Shopping Site in India (1)/input_username' is present

2018-07-09 17:40:39 - [MESSAGE][PASSED] - Object 'Object Repository/SD_Login_OR/Page_Online Shopping Site in India (1)/input_username' is present

2018-07-09 17:40:39 - [TEST_STEP][PASSED] - setText: Text '9958571972' is set on object 'Object Repository/SD_Login_OR/Page_Online Shopping Site in India/Page_Online Shopping Site in India/Page_Online Shopping Site in India/input_username'

2018-07-09 17:40:39 - [MESSAGE][PASSED] - Text '9958571972' is set on object 'Object Repository/SD_Login_OR/Page_Online Shopping Site in India/Page_Online Shopping Site in India/Page_Online Shopping Site in India/input_username'

2018-07-09 17:40:39 - [TEST_STEP][PASSED] - click: Object: 'Object Repository/SD_Login_OR/Page_Online Shopping Site in India/button_continue' is clicked on

2018-07-09 17:40:39 - [MESSAGE][PASSED] - Object: 'Object Repository/SD_Login_OR/Page_Online Shopping Site in India/button_continue' is clicked on

2018-07-09 17:40:39 - [TEST_STEP][PASSED] - click: Object: 'Object Repository/New Folder/Page_Online Shopping Site in India/button_Login Without Password' is clicked on

2018-07-09 17:40:40 - [MESSAGE][PASSED] - Object: 'Object Repository/New Folder/Page_Online Shopping Site in India/button_Login Without Password' is clicked on

2018-07-09 17:40:40 - [TEST_STEP][NOT_RUN] - closeBrowser: NOT_RUN: closeBrowser

2018-07-09 17:40:40 - [MESSAGE][NOT_RUN] - NOT_RUN: closeBrowser]]></system-out>
         <system-err><![CDATA[]]></system-err>
      </testcase>
      <system-out><![CDATA[2018-07-09 17:40:15 - [TEST_SUITE][PASSED] - Snapdeal Web Page: Test Cases/Snapdeal Web Page]]></system-out>
      <system-err><![CDATA[]]></system-err>
   </testsuite>
</testsuites>
