<?xml version="1.0" encoding="UTF-8"?>
<testsuites name="SD Banner" time="14" tests="0" failures="1" errors="0">
   <testsuite name="SD Banner" tests="0" failures="1" errors="0" time="14" timestamp="2018-07-09 17:44:30" hostname="kartik.sehgal.in - L-15S7152.jasperindia.local" id="Test Suites/SD Banner">
      <properties>
         <property name="deviceName" value=""/>
         <property name="devicePlatform" value=""/>
         <property name="logFolder" value="C:\\Users\\kartik.sehgal.in\\Katalon Studio\\SD\\Reports\\SD Banner\\20180709_174429"/>
         <property name="logFiles" value="C:\\Users\\kartik.sehgal.in\\Katalon Studio\\SD\\Reports\\SD Banner\\20180709_174429\\execution0.log"/>
         <property name="attachments" value="C:\\Users\\kartik.sehgal.in\\Katalon Studio\\SD\\Reports\\SD Banner\\20180709_174429\\1531138483811.png"/>
         <property name="hostName" value="kartik.sehgal.in - L-15S7152.jasperindia.local"/>
         <property name="os" value="Windows 7 64bit"/>
         <property name="katalonVersion" value="5.4.2.1"/>
         <property name="browser" value="Firefox 62.0"/>
         <property name="hostAddress" value="10.20.86.19"/>
         <property name="sessionId" value="bf091357-44bf-41ac-9a4a-b7b0f09f0628"/>
         <property name="seleniumVersion" value="3.7.1"/>
         <property name="proxyInformation" value="ProxyInformation{proxyOption=NO_PROXY, proxyServerType=HTTP, password=, proxyServerAddress=, proxyServerPort=0}"/>
         <property name="platform" value="Windows 7"/>
      </properties>
      <testcase name="Test Cases/SD Banner" classname="Test Cases/SD Banner" status="FAILED">
         <failure type="FAILED" message="Unable to click on object 'Object Repository/SD Banner/Page_Online Shopping Site in India/div_white-overlay' (Root cause: org.openqa.selenium.ElementClickInterceptedException: Element &lt;div class=&quot;white-overlay&quot;> is not clickable at point (1005,268.3333282470703) because another element &lt;i class=&quot;next-i&quot;> obscures it
Build info: version: '3.7.1', revision: '8a0099a', time: '2017-11-06T21:07:36.161Z'
System info: host: 'L-15S7152', ip: '10.20.86.19', os.name: 'Windows 7', os.arch: 'amd64', os.version: '6.1', java.version: '1.8.0_102'
Driver info: com.kms.katalon.core.webui.driver.firefox.CGeckoDriver
Capabilities {acceptInsecureCerts: true, browserName: firefox, browserVersion: 62.0, javascriptEnabled: true, moz:accessibilityChecks: false, moz:headless: false, moz:processID: 4816, moz:profile: C:\Users\kartik.sehgal.in\A..., moz:useNonSpecCompliantPointerOrigin: false, moz:webdriverClick: true, pageLoadStrategy: normal, platform: XP, platformName: XP, platformVersion: 6.1, proxy: Proxy(direct), rotatable: false, timeouts: {implicit: 0, pageLoad: 300000, script: 30000}}
Session ID: bf091357-44bf-41ac-9a4a-b7b0f09f0628)"/>
         <system-out><![CDATA[2018-07-09 17:44:30 - [TEST_CASE][FAILED] - Test Cases/SD Banner: Test Cases/SD Banner FAILED because (of) Unable to click on object 'Object Repository/SD Banner/Page_Online Shopping Site in India/div_white-overlay' (Root cause: org.openqa.selenium.ElementClickInterceptedException: Element <div class="white-overlay"> is not clickable at point (1005,268.3333282470703) because another element <i class="next-i"> obscures it
Build info: version: '3.7.1', revision: '8a0099a', time: '2017-11-06T21:07:36.161Z'
System info: host: 'L-15S7152', ip: '10.20.86.19', os.name: 'Windows 7', os.arch: 'amd64', os.version: '6.1', java.version: '1.8.0_102'
Driver info: com.kms.katalon.core.webui.driver.firefox.CGeckoDriver
Capabilities {acceptInsecureCerts: true, browserName: firefox, browserVersion: 62.0, javascriptEnabled: true, moz:accessibilityChecks: false, moz:headless: false, moz:processID: 4816, moz:profile: C:\Users\kartik.sehgal.in\A..., moz:useNonSpecCompliantPointerOrigin: false, moz:webdriverClick: true, pageLoadStrategy: normal, platform: XP, platformName: XP, platformVersion: 6.1, proxy: Proxy(direct), rotatable: false, timeouts: {implicit: 0, pageLoad: 300000, script: 30000}}
Session ID: bf091357-44bf-41ac-9a4a-b7b0f09f0628)

2018-07-09 17:44:31 - [TEST_STEP][PASSED] - openBrowser: Browser is opened with url: ''

2018-07-09 17:44:37 - [MESSAGE][PASSED] - Browser is opened with url: ''

2018-07-09 17:44:37 - [TEST_STEP][PASSED] - navigateToUrl: Navigate to 'https://www.snapdeal.com/' successfully

2018-07-09 17:44:39 - [MESSAGE][PASSED] - Navigate to 'https://www.snapdeal.com/' successfully

2018-07-09 17:44:39 - [TEST_STEP][PASSED] - click: Object: 'Object Repository/SD Banner/Page_Online Shopping Site in India/div_Dhamaka Deals' is clicked on

2018-07-09 17:44:40 - [MESSAGE][PASSED] - Object: 'Object Repository/SD Banner/Page_Online Shopping Site in India/div_Dhamaka Deals' is clicked on

2018-07-09 17:44:40 - [TEST_STEP][PASSED] - click: Object: 'Object Repository/SD Banner/Page_Online Shopping Site in India/div_white-overlay' is clicked on

2018-07-09 17:44:42 - [MESSAGE][PASSED] - Object: 'Object Repository/SD Banner/Page_Online Shopping Site in India/div_white-overlay' is clicked on

2018-07-09 17:44:42 - [TEST_STEP][PASSED] - back: Navigate back successfully

2018-07-09 17:44:43 - [MESSAGE][PASSED] - Navigate back successfully

2018-07-09 17:44:43 - [TEST_STEP][PASSED] - waitForPageLoad: Wait for page load successfully

2018-07-09 17:44:43 - [MESSAGE][PASSED] - Wait for page load successfully

2018-07-09 17:44:43 - [TEST_STEP][PASSED] - click: Object: 'Object Repository/SD Banner/Page_Online Shopping Site in India/div_Intex' is clicked on

2018-07-09 17:44:43 - [MESSAGE][PASSED] - Object: 'Object Repository/SD Banner/Page_Online Shopping Site in India/div_Intex' is clicked on

2018-07-09 17:44:43 - [TEST_STEP][FAILED] - click: Unable to click on object 'Object Repository/SD Banner/Page_Online Shopping Site in India/div_white-overlay' (Root cause: org.openqa.selenium.ElementClickInterceptedException: Element <div class="white-overlay"> is not clickable at point (1005,268.3333282470703) because another element <i class="next-i"> obscures it
Build info: version: '3.7.1', revision: '8a0099a', time: '2017-11-06T21:07:36.161Z'
System info: host: 'L-15S7152', ip: '10.20.86.19', os.name: 'Windows 7', os.arch: 'amd64', os.version: '6.1', java.version: '1.8.0_102'
Driver info: com.kms.katalon.core.webui.driver.firefox.CGeckoDriver
Capabilities {acceptInsecureCerts: true, browserName: firefox, browserVersion: 62.0, javascriptEnabled: true, moz:accessibilityChecks: false, moz:headless: false, moz:processID: 4816, moz:profile: C:\Users\kartik.sehgal.in\A..., moz:useNonSpecCompliantPointerOrigin: false, moz:webdriverClick: true, pageLoadStrategy: normal, platform: XP, platformName: XP, platformVersion: 6.1, proxy: Proxy(direct), rotatable: false, timeouts: {implicit: 0, pageLoad: 300000, script: 30000}}
Session ID: bf091357-44bf-41ac-9a4a-b7b0f09f0628)

2018-07-09 17:44:44 - [MESSAGE][FAILED] - Unable to click on object 'Object Repository/SD Banner/Page_Online Shopping Site in India/div_white-overlay' (Root cause: org.openqa.selenium.ElementClickInterceptedException: Element <div class="white-overlay"> is not clickable at point (1005,268.3333282470703) because another element <i class="next-i"> obscures it
Build info: version: '3.7.1', revision: '8a0099a', time: '2017-11-06T21:07:36.161Z'
System info: host: 'L-15S7152', ip: '10.20.86.19', os.name: 'Windows 7', os.arch: 'amd64', os.version: '6.1', java.version: '1.8.0_102'
Driver info: com.kms.katalon.core.webui.driver.firefox.CGeckoDriver
Capabilities {acceptInsecureCerts: true, browserName: firefox, browserVersion: 62.0, javascriptEnabled: true, moz:accessibilityChecks: false, moz:headless: false, moz:processID: 4816, moz:profile: C:\Users\kartik.sehgal.in\A..., moz:useNonSpecCompliantPointerOrigin: false, moz:webdriverClick: true, pageLoadStrategy: normal, platform: XP, platformName: XP, platformVersion: 6.1, proxy: Proxy(direct), rotatable: false, timeouts: {implicit: 0, pageLoad: 300000, script: 30000}}
Session ID: bf091357-44bf-41ac-9a4a-b7b0f09f0628)
[[ATTACHMENT|C:\\Users\\kartik.sehgal.in\\Katalon Studio\\SD\\Reports\\SD Banner\\20180709_174429\\1531138483811.png]]]]></system-out>
         <system-err><![CDATA[2018-07-09 17:44:30 - [TEST_CASE][FAILED] - Test Cases/SD Banner: Test Cases/SD Banner FAILED because (of) Unable to click on object 'Object Repository/SD Banner/Page_Online Shopping Site in India/div_white-overlay' (Root cause: org.openqa.selenium.ElementClickInterceptedException: Element <div class="white-overlay"> is not clickable at point (1005,268.3333282470703) because another element <i class="next-i"> obscures it
Build info: version: '3.7.1', revision: '8a0099a', time: '2017-11-06T21:07:36.161Z'
System info: host: 'L-15S7152', ip: '10.20.86.19', os.name: 'Windows 7', os.arch: 'amd64', os.version: '6.1', java.version: '1.8.0_102'
Driver info: com.kms.katalon.core.webui.driver.firefox.CGeckoDriver
Capabilities {acceptInsecureCerts: true, browserName: firefox, browserVersion: 62.0, javascriptEnabled: true, moz:accessibilityChecks: false, moz:headless: false, moz:processID: 4816, moz:profile: C:\Users\kartik.sehgal.in\A..., moz:useNonSpecCompliantPointerOrigin: false, moz:webdriverClick: true, pageLoadStrategy: normal, platform: XP, platformName: XP, platformVersion: 6.1, proxy: Proxy(direct), rotatable: false, timeouts: {implicit: 0, pageLoad: 300000, script: 30000}}
Session ID: bf091357-44bf-41ac-9a4a-b7b0f09f0628)]]></system-err>
      </testcase>
      <system-out><![CDATA[2018-07-09 17:44:30 - [TEST_SUITE][FAILED] - SD Banner: Test Cases/SD Banner FAILED because (of) Unable to click on object 'Object Repository/SD Banner/Page_Online Shopping Site in India/div_white-overlay' (Root cause: org.openqa.selenium.ElementClickInterceptedException: Element <div class="white-overlay"> is not clickable at point (1005,268.3333282470703) because another element <i class="next-i"> obscures it
Build info: version: '3.7.1', revision: '8a0099a', time: '2017-11-06T21:07:36.161Z'
System info: host: 'L-15S7152', ip: '10.20.86.19', os.name: 'Windows 7', os.arch: 'amd64', os.version: '6.1', java.version: '1.8.0_102'
Driver info: com.kms.katalon.core.webui.driver.firefox.CGeckoDriver
Capabilities {acceptInsecureCerts: true, browserName: firefox, browserVersion: 62.0, javascriptEnabled: true, moz:accessibilityChecks: false, moz:headless: false, moz:processID: 4816, moz:profile: C:\Users\kartik.sehgal.in\A..., moz:useNonSpecCompliantPointerOrigin: false, moz:webdriverClick: true, pageLoadStrategy: normal, platform: XP, platformName: XP, platformVersion: 6.1, proxy: Proxy(direct), rotatable: false, timeouts: {implicit: 0, pageLoad: 300000, script: 30000}}
Session ID: bf091357-44bf-41ac-9a4a-b7b0f09f0628)]]></system-out>
      <system-err><![CDATA[2018-07-09 17:44:30 - [TEST_SUITE][FAILED] - SD Banner: Test Cases/SD Banner FAILED because (of) Unable to click on object 'Object Repository/SD Banner/Page_Online Shopping Site in India/div_white-overlay' (Root cause: org.openqa.selenium.ElementClickInterceptedException: Element <div class="white-overlay"> is not clickable at point (1005,268.3333282470703) because another element <i class="next-i"> obscures it
Build info: version: '3.7.1', revision: '8a0099a', time: '2017-11-06T21:07:36.161Z'
System info: host: 'L-15S7152', ip: '10.20.86.19', os.name: 'Windows 7', os.arch: 'amd64', os.version: '6.1', java.version: '1.8.0_102'
Driver info: com.kms.katalon.core.webui.driver.firefox.CGeckoDriver
Capabilities {acceptInsecureCerts: true, browserName: firefox, browserVersion: 62.0, javascriptEnabled: true, moz:accessibilityChecks: false, moz:headless: false, moz:processID: 4816, moz:profile: C:\Users\kartik.sehgal.in\A..., moz:useNonSpecCompliantPointerOrigin: false, moz:webdriverClick: true, pageLoadStrategy: normal, platform: XP, platformName: XP, platformVersion: 6.1, proxy: Proxy(direct), rotatable: false, timeouts: {implicit: 0, pageLoad: 300000, script: 30000}}
Session ID: bf091357-44bf-41ac-9a4a-b7b0f09f0628)]]></system-err>
   </testsuite>
</testsuites>
